piano-teacher-v2/app/build/outputs/mapping/release/seeds.txt
com.tobietheunknown.pianoteacher.data.repository.SongDatabase
com.tobietheunknown.pianoteacher.data.repository.SongDatabase_Impl
com.tobietheunknown.pianoteacher.audio.AudioEngine
com.tobietheunknown.pianoteacher.MainActivity
com.tobietheunknown.pianoteacher.data.model.Tracks: com.tobietheunknown.pianoteacher.data.model.Tracks$Companion Companion
com.tobietheunknown.pianoteacher.data.model.Song: com.tobietheunknown.pianoteacher.data.model.Song$Companion Companion
com.tobietheunknown.pianoteacher.data.model.NoteEvent: com.tobietheunknown.pianoteacher.data.model.NoteEvent$Companion Companion
com.tobietheunknown.pianoteacher.data.model.HandSeparator: com.tobietheunknown.pianoteacher.data.model.HandSeparator$Companion Companion
com.tobietheunknown.pianoteacher.data.model.Phrase: com.tobietheunknown.pianoteacher.data.model.Phrase$Companion Companion
com.tobietheunknown.pianoteacher.data.model.Song$$serializer: kotlinx.serialization.descriptors.SerialDescriptor descriptor
com.tobietheunknown.pianoteacher.data.model.TimeSignature: com.tobietheunknown.pianoteacher.data.model.TimeSignature$Companion Companion
com.tobietheunknown.pianoteacher.data.model.HandSeparator$$serializer: kotlinx.serialization.descriptors.SerialDescriptor descriptor
com.tobietheunknown.pianoteacher.data.model.Tracks$$serializer: kotlinx.serialization.descriptors.SerialDescriptor descriptor
com.tobietheunknown.pianoteacher.data.model.KeySignature$$serializer: kotlinx.serialization.descriptors.SerialDescriptor descriptor
com.tobietheunknown.pianoteacher.data.model.Phrase$$serializer: kotlinx.serialization.descriptors.SerialDescriptor descriptor
com.tobietheunknown.pianoteacher.data.model.KeySignature: com.tobietheunknown.pianoteacher.data.model.KeySignature$Companion Companion
com.tobietheunknown.pianoteacher.data.model.TimeSignature$$serializer: kotlinx.serialization.descriptors.SerialDescriptor descriptor
com.tobietheunknown.pianoteacher.data.model.NoteEvent$$serializer: kotlinx.serialization.descriptors.SerialDescriptor descriptor
com.tobietheunknown.pianoteacher.ui.common.PlaybackHand: com.tobietheunknown.pianoteacher.ui.common.PlaybackHand[] values()
com.tobietheunknown.pianoteacher.audio.AudioEngine: boolean nativeStart()
com.tobietheunknown.pianoteacher.ui.theme.AppTheme: com.tobietheunknown.pianoteacher.ui.theme.AppTheme[] values()
com.tobietheunknown.pianoteacher.MainActivity: MainActivity()
com.tobietheunknown.pianoteacher.data.model.HandSeparator$Companion: kotlinx.serialization.KSerializer serializer()
com.tobietheunknown.pianoteacher.audio.AudioEngine: void nativeSetReady()
com.tobietheunknown.pianoteacher.data.model.NoteEvent$Companion: kotlinx.serialization.KSerializer serializer()
com.tobietheunknown.pianoteacher.ui.common.PlaybackHand: com.tobietheunknown.pianoteacher.ui.common.PlaybackHand valueOf(java.lang.String)
com.tobietheunknown.pianoteacher.ui.learning.ClefMode: com.tobietheunknown.pianoteacher.ui.learning.ClefMode valueOf(java.lang.String)
com.tobietheunknown.pianoteacher.audio.AudioEngine: void nativeLoadSample(int,float[],int,int)
com.tobietheunknown.pianoteacher.audio.AudioEngine: void nativeNoteOff(int)
com.tobietheunknown.pianoteacher.data.model.Song$Companion: kotlinx.serialization.KSerializer serializer()
com.tobietheunknown.pianoteacher.data.model.Tracks$Companion: kotlinx.serialization.KSerializer serializer()
com.tobietheunknown.pianoteacher.data.model.Phrase$Companion: kotlinx.serialization.KSerializer serializer()
com.tobietheunknown.pianoteacher.data.model.KeySignature$Companion: kotlinx.serialization.KSerializer serializer()
com.tobietheunknown.pianoteacher.ui.theme.AppTheme: com.tobietheunknown.pianoteacher.ui.theme.AppTheme valueOf(java.lang.String)
com.tobietheunknown.pianoteacher.data.repository.SongDatabase: SongDatabase()
com.tobietheunknown.pianoteacher.data.model.TimeSignature$Companion: kotlinx.serialization.KSerializer serializer()
...
androidx.lifecycle.ReportFragment$LifecycleCallbacks: void onActivityCreated(android.app.Activity,android.os.Bundle)
androidx.lifecycle.ReportFragment$LifecycleCallbacks: void onActivitySaveInstanceState(android.app.Activity,android.os.Bundle)
androidx.vectordrawable.graphics.drawable.VectorDrawableCompat$VFullPath: float getTrimPathStart()
androidx.core.view.ViewCompat$Api21Impl: float getTranslationZ(android.view.View)
androidx.compose.ui.text.android.AndroidLayoutApi34: int[] getRangeForRect$ui_text_release(androidx.compose.ui.text.android.TextLayout,android.graphics.RectF,int,kotlin.jvm.functions.Function2)
androidx.lifecycle.ProcessLifecycleOwner$attach$1$onActivityPreCreated$1: void onActivityPostStarted(android.app.Activity)
androidx.room.RoomDatabase$JournalMode: androidx.room.RoomDatabase$JournalMode[] values()
androidx.compose.ui.text.android.StaticLayoutFactory33: void setLineBreakConfig(android.text.StaticLayout$Builder,int,int)
androidx.compose.ui.graphics.layer.RenderNodeVerificationHelper24: void discardDisplayList(android.view.RenderNode)
androidx.appcompat.widget.AppCompatImageButton: void setSupportBackgroundTintList(android.content.res.ColorStateList)
androidx.core.view.accessibility.AccessibilityNodeInfoCompat$Api30Impl: java.lang.Object createRangeInfo(int,float,float,float)
androidx.compose.ui.platform.AndroidViewsHandler: java.util.HashMap getHolderToLayoutNode()
androidx.appcompat.widget.Toolbar: void setCollapseContentDescription(int)
androidx.core.view.ViewConfigurationCompat$Api28Impl: boolean shouldShowMenuShortcutsWhenKeyboardPresent(android.view.ViewConfiguration)
androidx.compose.ui.platform.coreshims.ContentCaptureSessionCompat$Api29Impl: android.view.autofill.AutofillId newAutofillId(android.view.contentcapture.ContentCaptureSession,android.view.autofill.AutofillId,long)
kotlin.time.DurationUnit: kotlin.time.DurationUnit[] values()
androidx.core.view.accessibility.AccessibilityNodeInfoCompat$Api34Impl: void setAccessibilityDataSensitive(android.view.accessibility.AccessibilityNodeInfo,boolean)
androidx.core.widget.TextViewCompat$Api34Impl: void setLineHeight(android.widget.TextView,int,float)
androidx.appcompat.widget.Toolbar: int getCurrentContentInsetLeft()
androidx.core.view.ViewCompat$Api28Impl: void removeOnUnhandledKeyEventListener(android.view.View,androidx.core.view.ViewCompat$OnUnhandledKeyEventListenerCompat)
androidx.compose.ui.platform.actionmodecallback.MenuItemOption: androidx.compose.ui.platform.actionmodecallback.MenuItemOption[] values()
androidx.appcompat.widget.Toolbar: android.graphics.drawable.Drawable getNavigationIcon()
androidx.compose.ui.platform.AndroidComposeView: androidx.compose.ui.platform.AccessibilityManager getAccessibilityManager()
androidx.core.view.MenuItemCompat$Api26Impl: android.view.MenuItem setTooltipText(android.view.MenuItem,java.lang.CharSequence)
androidx.core.view.accessibility.AccessibilityNodeInfoCompat$Api30Impl: java.lang.CharSequence getStateDescription(android.view.accessibility.AccessibilityNodeInfo)
androidx.appcompat.widget.AppCompatTextViewAutoSizeHelper$Impl29: void computeAndSetTextDirection(android.text.StaticLayout$Builder,android.widget.TextView)
androidx.appcompat.widget.AppCompatAutoCompleteTextView: void setCustomSelectionActionModeCallback(android.view.ActionMode$Callback)
androidx.appcompat.widget.LinearLayoutCompat: void setDividerDrawable(android.graphics.drawable.Drawable)
androidx.core.view.ViewCompat$Api28Impl: java.lang.Object requireViewById(android.view.View,int)
androidx.appcompat.widget.AppCompatTextView: java.lang.CharSequence getText()
androidx.appcompat.view.menu.ActionMenuItemView: void setExpandedFormat(boolean)
androidx.appcompat.widget.AppCompatTextView: androidx.appcompat.widget.AppCompatEmojiTextHelper getEmojiTextViewHelper()
androidx.lifecycle.Lifecycle$State: androidx.lifecycle.Lifecycle$State valueOf(java.lang.String)
androidx.core.view.ViewCompat$Api23Impl: int getScrollIndicators(android.view.View)